# Logfile created on 2014-02-04 18:29:55 -0800 by logger.rb/41954
I, [2014-02-04T18:29:55.143047 #8903]  INFO -- : 0:  rack (1.5.2) from /Users/jeff/.rbenv/versions/2.0.0-p353/lib/ruby/gems/2.0.0/specifications/rack-1.5.2.gemspec
I, [2014-02-04T18:29:55.143759 #8903]  INFO -- : 0:  puma (2.7.1) from /Users/jeff/.rbenv/versions/2.0.0-p353/lib/ruby/gems/2.0.0/specifications/puma-2.7.1.gemspec
I, [2014-02-04T18:29:56.777553 #8903]  INFO -- : 0:  sinatra (1.0) from /Users/jeff/.rbenv/versions/2.0.0-p353/lib/ruby/gems/2.0.0/specifications/sinatra-1.0.gemspec
I, [2014-02-04T18:29:56.778282 #8903]  INFO -- : 0:  temple (0.6.7) from /Users/jeff/.rbenv/versions/2.0.0-p353/lib/ruby/gems/2.0.0/specifications/temple-0.6.7.gemspec
I, [2014-02-04T18:29:59.794918 #8903]  INFO -- : 0:  tilt (2.0.0) from /Users/jeff/.rbenv/versions/2.0.0-p353/lib/ruby/gems/2.0.0/specifications/tilt-2.0.0.gemspec
I, [2014-02-04T18:29:59.796110 #8903]  INFO -- : 0:  slim (2.0.2) from /Users/jeff/.rbenv/versions/2.0.0-p353/lib/ruby/gems/2.0.0/specifications/slim-2.0.2.gemspec
I, [2014-02-04T18:29:59.796793 #8903]  INFO -- : 0:  bundler (1.5.1) from /Users/jeff/.rbenv/versions/2.0.0-p353/lib/ruby/gems/2.0.0/specifications/bundler-1.5.1.gemspec
I, [2014-02-05T01:14:41.920216 #18687]  INFO -- : 0:  rack (1.5.2) from /Users/jeff/.rbenv/versions/2.0.0-p353/lib/ruby/gems/2.0.0/specifications/rack-1.5.2.gemspec
I, [2014-02-05T01:14:41.947267 #18687]  INFO -- : 0:  puma (2.7.1) from /Users/jeff/.rbenv/versions/2.0.0-p353/lib/ruby/gems/2.0.0/specifications/puma-2.7.1.gemspec
I, [2014-02-05T01:14:43.066979 #18687]  INFO -- : 0:  rack-protection (1.5.2) from /Users/jeff/.rbenv/versions/2.0.0-p353/lib/ruby/gems/2.0.0/specifications/rack-protection-1.5.2.gemspec
I, [2014-02-05T01:14:43.067755 #18687]  INFO -- : 0:  tilt (1.4.1) from /Users/jeff/.rbenv/versions/2.0.0-p353/lib/ruby/gems/2.0.0/specifications/tilt-1.4.1.gemspec
I, [2014-02-05T01:14:43.814183 #18687]  INFO -- : 0:  sinatra (1.4.4) from /Users/jeff/.rbenv/versions/2.0.0-p353/lib/ruby/gems/2.0.0/specifications/sinatra-1.4.4.gemspec
I, [2014-02-05T01:14:43.815047 #18687]  INFO -- : 0:  temple (0.6.7) from /Users/jeff/.rbenv/versions/2.0.0-p353/lib/ruby/gems/2.0.0/specifications/temple-0.6.7.gemspec
I, [2014-02-05T01:14:43.815520 #18687]  INFO -- : 0:  slim (2.0.2) from /Users/jeff/.rbenv/versions/2.0.0-p353/lib/ruby/gems/2.0.0/specifications/slim-2.0.2.gemspec
I, [2014-02-05T01:14:43.816562 #18687]  INFO -- : 0:  bundler (1.5.1) from /Users/jeff/.rbenv/versions/2.0.0-p353/lib/ruby/gems/2.0.0/specifications/bundler-1.5.1.gemspec
I, [2014-02-05T01:15:26.658245 #19167]  INFO -- : 0:  rack (1.5.2) from /Users/jeff/.rbenv/versions/2.0.0-p353/lib/ruby/gems/2.0.0/specifications/rack-1.5.2.gemspec
I, [2014-02-05T01:15:26.659217 #19167]  INFO -- : 0:  puma (2.7.1) from /Users/jeff/.rbenv/versions/2.0.0-p353/lib/ruby/gems/2.0.0/specifications/puma-2.7.1.gemspec
I, [2014-02-05T01:15:26.659763 #19167]  INFO -- : 0:  rack-protection (1.5.2) from /Users/jeff/.rbenv/versions/2.0.0-p353/lib/ruby/gems/2.0.0/specifications/rack-protection-1.5.2.gemspec
I, [2014-02-05T01:15:26.660164 #19167]  INFO -- : 0:  tilt (1.4.1) from /Users/jeff/.rbenv/versions/2.0.0-p353/lib/ruby/gems/2.0.0/specifications/tilt-1.4.1.gemspec
I, [2014-02-05T01:15:26.660534 #19167]  INFO -- : 0:  sinatra (1.4.4) from /Users/jeff/.rbenv/versions/2.0.0-p353/lib/ruby/gems/2.0.0/specifications/sinatra-1.4.4.gemspec
I, [2014-02-05T01:15:26.660891 #19167]  INFO -- : 0:  temple (0.6.7) from /Users/jeff/.rbenv/versions/2.0.0-p353/lib/ruby/gems/2.0.0/specifications/temple-0.6.7.gemspec
I, [2014-02-05T01:15:29.023955 #19167]  INFO -- : 0:  slim (1.3.9) from /Users/jeff/.rbenv/versions/2.0.0-p353/lib/ruby/gems/2.0.0/specifications/slim-1.3.9.gemspec
I, [2014-02-05T01:15:29.024755 #19167]  INFO -- : 0:  bundler (1.5.1) from /Users/jeff/.rbenv/versions/2.0.0-p353/lib/ruby/gems/2.0.0/specifications/bundler-1.5.1.gemspec
I, [2014-02-16T00:14:50.499445 #77601]  INFO -- : 0:  coderay (1.1.0) from /Users/jeff/.rbenv/versions/2.0.0-p353/lib/ruby/gems/2.0.0/specifications/coderay-1.1.0.gemspec
I, [2014-02-16T00:14:50.527632 #77601]  INFO -- : 0:  method_source (0.8.2) from /Users/jeff/.rbenv/versions/2.0.0-p353/lib/ruby/gems/2.0.0/specifications/method_source-0.8.2.gemspec
I, [2014-02-16T00:14:50.528303 #77601]  INFO -- : 0:  slop (3.4.7) from /Users/jeff/.rbenv/versions/2.0.0-p353/lib/ruby/gems/2.0.0/specifications/slop-3.4.7.gemspec
I, [2014-02-16T00:14:50.528914 #77601]  INFO -- : 0:  pry (0.9.12.4) from /Users/jeff/.rbenv/versions/2.0.0-p353/lib/ruby/gems/2.0.0/specifications/pry-0.9.12.4.gemspec
I, [2014-02-16T00:14:50.529422 #77601]  INFO -- : 0:  rack (1.5.2) from /Users/jeff/.rbenv/versions/2.0.0-p353/lib/ruby/gems/2.0.0/specifications/rack-1.5.2.gemspec
I, [2014-02-16T00:14:50.529943 #77601]  INFO -- : 0:  puma (2.7.1) from /Users/jeff/.rbenv/versions/2.0.0-p353/lib/ruby/gems/2.0.0/specifications/puma-2.7.1.gemspec
I, [2014-02-16T00:14:50.530451 #77601]  INFO -- : 0:  rack-protection (1.5.2) from /Users/jeff/.rbenv/versions/2.0.0-p353/lib/ruby/gems/2.0.0/specifications/rack-protection-1.5.2.gemspec
I, [2014-02-16T00:14:50.530945 #77601]  INFO -- : 0:  tilt (1.4.1) from /Users/jeff/.rbenv/versions/2.0.0-p353/lib/ruby/gems/2.0.0/specifications/tilt-1.4.1.gemspec
I, [2014-02-16T00:14:50.531469 #77601]  INFO -- : 0:  sinatra (1.4.4) from /Users/jeff/.rbenv/versions/2.0.0-p353/lib/ruby/gems/2.0.0/specifications/sinatra-1.4.4.gemspec
I, [2014-02-16T00:14:50.531972 #77601]  INFO -- : 0:  temple (0.6.7) from /Users/jeff/.rbenv/versions/2.0.0-p353/lib/ruby/gems/2.0.0/specifications/temple-0.6.7.gemspec
I, [2014-02-16T00:14:50.532490 #77601]  INFO -- : 0:  slim (1.3.9) from /Users/jeff/.rbenv/versions/2.0.0-p353/lib/ruby/gems/2.0.0/specifications/slim-1.3.9.gemspec
I, [2014-02-16T00:14:50.532927 #77601]  INFO -- : 0:  bundler (1.5.1) from /Users/jeff/.rbenv/versions/2.0.0-p353/lib/ruby/gems/2.0.0/specifications/bundler-1.5.1.gemspec
I, [2014-02-16T00:31:08.349244 #79014]  INFO -- : 0:  rack (1.5.2) from /Users/jeff/.rbenv/versions/2.0.0-p353/lib/ruby/gems/2.0.0/specifications/rack-1.5.2.gemspec
I, [2014-02-16T00:31:08.376986 #79014]  INFO -- : 0:  puma (2.7.1) from /Users/jeff/.rbenv/versions/2.0.0-p353/lib/ruby/gems/2.0.0/specifications/puma-2.7.1.gemspec
I, [2014-02-16T00:31:08.377739 #79014]  INFO -- : 0:  rack-protection (1.5.2) from /Users/jeff/.rbenv/versions/2.0.0-p353/lib/ruby/gems/2.0.0/specifications/rack-protection-1.5.2.gemspec
I, [2014-02-16T00:31:08.378333 #79014]  INFO -- : 0:  tilt (1.4.1) from /Users/jeff/.rbenv/versions/2.0.0-p353/lib/ruby/gems/2.0.0/specifications/tilt-1.4.1.gemspec
I, [2014-02-16T00:31:08.378846 #79014]  INFO -- : 0:  sinatra (1.4.4) from /Users/jeff/.rbenv/versions/2.0.0-p353/lib/ruby/gems/2.0.0/specifications/sinatra-1.4.4.gemspec
I, [2014-02-16T00:31:08.379390 #79014]  INFO -- : 0:  temple (0.6.7) from /Users/jeff/.rbenv/versions/2.0.0-p353/lib/ruby/gems/2.0.0/specifications/temple-0.6.7.gemspec
I, [2014-02-16T00:31:08.379884 #79014]  INFO -- : 0:  slim (1.3.9) from /Users/jeff/.rbenv/versions/2.0.0-p353/lib/ruby/gems/2.0.0/specifications/slim-1.3.9.gemspec
I, [2014-02-16T00:31:08.380327 #79014]  INFO -- : 0:  bundler (1.5.1) from /Users/jeff/.rbenv/versions/2.0.0-p353/lib/ruby/gems/2.0.0/specifications/bundler-1.5.1.gemspec
